#
# There is insufficient memory for the Java Runtime Environment to continue.
# Native memory allocation (malloc) failed to allocate 1078416 bytes for Chunk::new
# Possible reasons:
#   The system is out of physical RAM or swap space
#   In 32 bit mode, the process size limit was hit
# Possible solutions:
#   Reduce memory load on the system
#   Increase physical memory or swap space
#   Check if swap backing store is full
#   Use 64 bit Java on a 64 bit OS
#   Decrease Java heap size (-Xmx/-Xms)
#   Decrease number of Java threads
#   Decrease Java thread stack sizes (-Xss)
#   Set larger code cache with -XX:ReservedCodeCacheSize=
# This output file may be truncated or incomplete.
#
#  Out of Memory Error (allocation.cpp:390), pid=7688, tid=0x000000000000295c
#
# JRE version: OpenJDK Runtime Environment (8.0_76-b03) (build 1.8.0_76-release-b03)
# Java VM: OpenJDK 64-Bit Server VM (25.76-b03 mixed mode windows-amd64 compressed oops)
# Failed to write core dump. Minidumps are not enabled by default on client versions of Windows
#

---------------  T H R E A D  ---------------

Current thread (0x0000000015ed8000):  JavaThread "C2 CompilerThread1" daemon [_thread_in_native, id=10588, stack(0x0000000017620000,0x0000000017720000)]

Stack: [0x0000000017620000,0x0000000017720000]
[error occurred during error reporting (printing stack bounds), id 0xc0000005]

Native frames: (J=compiled Java code, j=interpreted, Vv=VM code, C=native code)


Current CompileTask:
C2:  62562 13787 %     4       com.android.dx.ssa.back.IdenticalBlockCombiner::process @ 25 (323 bytes)


---------------  P R O C E S S  ---------------

Java Threads: ( => current thread )
  0x000000001f2de000 JavaThread "pool-30-thread-4" [_thread_new, id=9028, stack(0x0000000000000000,0x0000000000000000)]
  0x000000001f2da800 JavaThread "pool-30-thread-3" [_thread_new, id=9456, stack(0x0000000000000000,0x0000000000000000)]
  0x000000001f2d9800 JavaThread "pool-30-thread-2" [_thread_new, id=6784, stack(0x0000000000000000,0x0000000000000000)]
  0x000000001f2dc800 JavaThread "pool-31-thread-1" [_thread_new, id=3852, stack(0x0000000000000000,0x0000000000000000)]
  0x000000001f2dd800 JavaThread "pool-30-thread-1" [_thread_new, id=9096, stack(0x0000000000000000,0x0000000000000000)]
  0x000000001f2df000 JavaThread "pool-23-thread-1" [_thread_new, id=1000, stack(0x0000000000000000,0x0000000000000000)]
  0x000000001b9c9000 JavaThread "pool-18-thread-4" [_thread_blocked, id=8552, stack(0x0000000028800000,0x0000000028900000)]
  0x000000001b9cf000 JavaThread "pool-18-thread-3" [_thread_in_Java, id=2612, stack(0x0000000028700000,0x0000000028800000)]
  0x000000001b9c9800 JavaThread "pool-18-thread-2" [_thread_in_Java, id=1824, stack(0x0000000028600000,0x0000000028700000)]
  0x000000001b9c6800 JavaThread "pool-19-thread-1" [_thread_blocked, id=7820, stack(0x0000000028100000,0x0000000028200000)]
  0x000000001b9c4800 JavaThread "pool-18-thread-1" [_thread_blocked, id=8468, stack(0x0000000028000000,0x0000000028100000)]
  0x000000001b9cb000 JavaThread "pool-5-thread-4" [_thread_blocked, id=2348, stack(0x0000000027f00000,0x0000000028000000)]
  0x000000001b9ca800 JavaThread "pool-5-thread-3" [_thread_in_Java, id=3732, stack(0x0000000027d00000,0x0000000027e00000)]
  0x000000001b9c3000 JavaThread "pool-5-thread-2" [_thread_in_Java, id=8212, stack(0x0000000027a00000,0x0000000027b00000)]
  0x000000001b9c2000 JavaThread "stdout" daemon [_thread_in_native, id=4724, stack(0x0000000026c00000,0x0000000026d00000)]
  0x000000001b9c8000 JavaThread "stderr" daemon [_thread_in_native, id=4656, stack(0x0000000026b00000,0x0000000026c00000)]
  0x000000001b9c3800 JavaThread "stdout" daemon [_thread_in_native, id=4556, stack(0x0000000026a00000,0x0000000026b00000)]
  0x000000001b9c7800 JavaThread "stderr" daemon [_thread_in_native, id=6816, stack(0x0000000026900000,0x0000000026a00000)]
  0x000000001b9c5000 JavaThread "stdout" daemon [_thread_in_native, id=7620, stack(0x0000000026800000,0x0000000026900000)]
  0x000000001b9c6000 JavaThread "stderr" daemon [_thread_in_native, id=9824, stack(0x0000000026700000,0x0000000026800000)]
  0x000000001b375800 JavaThread "stdout" daemon [_thread_in_native, id=3360, stack(0x0000000026600000,0x0000000026700000)]
  0x000000001b374800 JavaThread "stderr" daemon [_thread_in_native, id=8496, stack(0x0000000026500000,0x0000000026600000)]
  0x000000001b37a800 JavaThread "stdout" daemon [_thread_in_native, id=10064, stack(0x0000000026400000,0x0000000026500000)]
  0x000000001b37a000 JavaThread "stderr" daemon [_thread_in_native, id=2320, stack(0x0000000026300000,0x0000000026400000)]
  0x000000001b376000 JavaThread "stdout" daemon [_thread_in_native, id=6884, stack(0x0000000026100000,0x0000000026200000)]
  0x000000001b37b800 JavaThread "stderr" daemon [_thread_in_native, id=6976, stack(0x0000000026000000,0x0000000026100000)]
  0x000000001b377000 JavaThread "stdout" daemon [_thread_in_native, id=412, stack(0x0000000025f00000,0x0000000026000000)]
  0x000000001b379000 JavaThread "stderr" daemon [_thread_in_native, id=8412, stack(0x0000000025e00000,0x0000000025f00000)]
  0x000000001b374000 JavaThread "stdout" daemon [_thread_in_native, id=6540, stack(0x0000000025d00000,0x0000000025e00000)]
  0x000000001b378800 JavaThread "stderr" daemon [_thread_in_native, id=4320, stack(0x0000000025c00000,0x0000000025d00000)]
  0x000000001b36c800 JavaThread "stdout" daemon [_thread_in_native, id=8700, stack(0x0000000025b00000,0x0000000025c00000)]
  0x000000001b373000 JavaThread "stderr" daemon [_thread_in_native, id=8900, stack(0x0000000025a00000,0x0000000025b00000)]
  0x000000001b371800 JavaThread "stdout" daemon [_thread_in_native, id=4600, stack(0x0000000025900000,0x0000000025a00000)]
  0x000000001b371000 JavaThread "stderr" daemon [_thread_in_native, id=8984, stack(0x0000000025800000,0x0000000025900000)]
  0x000000001b372800 JavaThread "png-cruncher_15" daemon [_thread_blocked, id=10980, stack(0x0000000025700000,0x0000000025800000)]
  0x000000001b370000 JavaThread "png-cruncher_14" daemon [_thread_blocked, id=10576, stack(0x0000000025600000,0x0000000025700000)]
  0x000000001b36f800 JavaThread "png-cruncher_13" daemon [_thread_blocked, id=7876, stack(0x0000000025500000,0x0000000025600000)]
  0x000000001b36d000 JavaThread "png-cruncher_12" daemon [_thread_blocked, id=9880, stack(0x0000000025400000,0x0000000025500000)]
  0x000000001b36e800 JavaThread "png-cruncher_11" daemon [_thread_blocked, id=9012, stack(0x0000000025300000,0x0000000025400000)]
  0x000000001b36e000 JavaThread "stdout" daemon [_thread_in_native, id=6312, stack(0x0000000025200000,0x0000000025300000)]
  0x000000001b03c800 JavaThread "stderr" daemon [_thread_in_native, id=1208, stack(0x0000000025100000,0x0000000025200000)]
  0x000000001b03b800 JavaThread "png-cruncher_10" daemon [_thread_blocked, id=7116, stack(0x0000000025000000,0x0000000025100000)]
  0x000000001b03b000 JavaThread "png-cruncher_9" daemon [_thread_blocked, id=5912, stack(0x0000000024f00000,0x0000000025000000)]
  0x000000001b03a000 JavaThread "png-cruncher_8" daemon [_thread_blocked, id=6484, stack(0x0000000024e00000,0x0000000024f00000)]
  0x000000001b039800 JavaThread "png-cruncher_7" daemon [_thread_blocked, id=4108, stack(0x0000000024d00000,0x0000000024e00000)]
  0x000000001b038800 JavaThread "png-cruncher_6" daemon [_thread_blocked, id=6664, stack(0x0000000024c00000,0x0000000024d00000)]
  0x000000001b03e000 JavaThread "stdout" daemon [_thread_in_native, id=8256, stack(0x0000000024b00000,0x0000000024c00000)]
  0x000000001b038000 JavaThread "stderr" daemon [_thread_in_native, id=3552, stack(0x0000000024a00000,0x0000000024b00000)]
  0x000000001b03d000 JavaThread "stdout" daemon [_thread_in_native, id=6652, stack(0x0000000024900000,0x0000000024a00000)]
  0x000000001b031000 JavaThread "stderr" daemon [_thread_in_native, id=7048, stack(0x0000000024800000,0x0000000024900000)]
  0x000000001b035000 JavaThread "stdout" daemon [_thread_in_native, id=5992, stack(0x0000000024700000,0x0000000024800000)]
  0x000000001b030800 JavaThread "stderr" daemon [_thread_in_native, id=10792, stack(0x0000000024600000,0x0000000024700000)]
  0x000000001b035800 JavaThread "stdout" daemon [_thread_in_native, id=1012, stack(0x0000000024500000,0x0000000024600000)]
  0x000000001b037000 JavaThread "stderr" daemon [_thread_in_native, id=7600, stack(0x0000000024400000,0x0000000024500000)]
  0x000000001b033800 JavaThread "png-cruncher_5" daemon [_thread_blocked, id=11132, stack(0x0000000024300000,0x0000000024400000)]
  0x000000001b036800 JavaThread "png-cruncher_4" daemon [_thread_blocked, id=6204, stack(0x0000000024200000,0x0000000024300000)]
  0x000000001b02f800 JavaThread "png-cruncher_3" daemon [_thread_blocked, id=6832, stack(0x0000000024100000,0x0000000024200000)]
  0x000000001b032800 JavaThread "png-cruncher_2" daemon [_thread_blocked, id=5572, stack(0x0000000024000000,0x0000000024100000)]
  0x000000001b032000 JavaThread "png-cruncher_1" daemon [_thread_blocked, id=4204, stack(0x0000000023f00000,0x0000000024000000)]
  0x000000001b02f000 JavaThread "pool-8-thread-4" [_thread_blocked, id=772, stack(0x0000000023e00000,0x0000000023f00000)]
  0x000000001b034000 JavaThread "pool-8-thread-3" [_thread_blocked, id=7404, stack(0x0000000023d00000,0x0000000023e00000)]
  0x000000001c099800 JavaThread "pool-8-thread-2" [_thread_blocked, id=4076, stack(0x0000000023c00000,0x0000000023d00000)]
  0x000000001c098000 JavaThread "pool-8-thread-1" [_thread_blocked, id=844, stack(0x0000000023b00000,0x0000000023c00000)]
  0x000000001c09e800 JavaThread "Stdin handler" [_thread_blocked, id=8928, stack(0x0000000023a00000,0x0000000023b00000)]
  0x000000001c09b800 JavaThread "Asynchronous log dispatcher for org.gradle.launcher.daemon.server.DefaultDaemonConnection@7cf81cf" [_thread_blocked, id=5004, stack(0x0000000023900000,0x0000000023a00000)]
  0x000000001c09e000 JavaThread "Cancel handler" [_thread_blocked, id=684, stack(0x0000000023800000,0x0000000023900000)]
  0x000000001c09d000 JavaThread "Handler for socket connection from /127.0.0.1:4344 to /127.0.0.1:4553" [_thread_in_native, id=10388, stack(0x0000000023700000,0x0000000023800000)]
  0x000000001c09c800 JavaThread "pool-5-thread-1" [_thread_in_native, id=6676, stack(0x0000000022f00000,0x0000000023000000)]
  0x000000001bc00800 JavaThread "File lock request listener" [_thread_in_native, id=4964, stack(0x000000001cd40000,0x000000001ce40000)]
  0x0000000018acf000 JavaThread "Daemon worker" [_thread_blocked, id=8748, stack(0x000000001a4a0000,0x000000001a5a0000)]
  0x0000000018d49800 JavaThread "Daemon" [_thread_blocked, id=7560, stack(0x000000001a1a0000,0x000000001a2a0000)]
  0x0000000018ae4800 JavaThread "pool-1-thread-1" [_thread_blocked, id=5576, stack(0x000000001a0a0000,0x000000001a1a0000)]
  0x0000000018a32000 JavaThread "Incoming local TCP Connector on port 4344" [_thread_in_native, id=1604, stack(0x0000000018620000,0x0000000018720000)]
  0x000000001783b000 JavaThread "Service Thread" daemon [_thread_blocked, id=7392, stack(0x0000000017c20000,0x0000000017d20000)]
  0x0000000015edb000 JavaThread "C1 CompilerThread2" daemon [_thread_in_native, id=7396, stack(0x0000000017720000,0x0000000017820000)]
=>0x0000000015ed8000 JavaThread "C2 CompilerThread1" daemon [_thread_in_native, id=10588, stack(0x0000000017620000,0x0000000017720000)]
  0x0000000015ee8800 JavaThread "C2 CompilerThread0" daemon [_thread_in_native, id=10344, stack(0x0000000017520000,0x0000000017620000)]
  0x0000000015ee7000 JavaThread "Attach Listener" daemon [_thread_blocked, id=6080, stack(0x0000000017420000,0x0000000017520000)]
  0x0000000015ee5800 JavaThread "Signal Dispatcher" daemon [_thread_blocked, id=10772, stack(0x0000000017320000,0x0000000017420000)]
  0x0000000015ec8800 JavaThread "Finalizer" daemon [_thread_blocked, id=2556, stack(0x0000000017130000,0x0000000017230000)]
  0x0000000002560800 JavaThread "Reference Handler" daemon [_thread_blocked, id=9448, stack(0x0000000017030000,0x0000000017130000)]
  0x0000000000b0d800 JavaThread "main" [_thread_blocked, id=5220, stack(0x0000000002300000,0x0000000002400000)]

Other Threads:
  0x0000000015ea5000 VMThread [stack: 0x0000000016f30000,0x0000000017030000] [id=2836]
  0x000000001783d800 WatcherThread [stack: 0x0000000017d20000,0x0000000017e20000] [id=9064]

VM state:not at safepoint (normal execution)

VM Mutex/Monitor currently owned by a thread: None

Heap:
 PSYoungGen      total 215040K, used 82324K [0x00000000e0000000, 0x00000000f1500000, 0x0000000100000000)
  eden space 194560K, 31% used [0x00000000e0000000,0x00000000e3c69728,0x00000000ebe00000)
  from space 20480K, 99% used [0x00000000ed180000,0x00000000ee57bc10,0x00000000ee580000)
  to   space 19968K, 0% used [0x00000000ebe00000,0x00000000ebe00000,0x00000000ed180000)
 ParOldGen       total 99840K, used 58796K [0x00000000a0000000, 0x00000000a6180000, 0x00000000e0000000)
  object space 99840K, 58% used [0x00000000a0000000,0x00000000a396b388,0x00000000a6180000)
 Metaspace       used 66415K, capacity 68456K, committed 68776K, reserved 1110016K
  class space    used 8366K, capacity 8778K, committed 8880K, reserved 1048576K

Card table byte_map: [0x0000000011930000,0x0000000011c40000] byte_map_base: 0x0000000011430000

Marking Bits: (ParMarkBitMap*) 0x000000005e6d9d00
 Begin Bits: [0x0000000012240000, 0x0000000013a40000)
 End Bits:   [0x0000000013a40000, 0x0000000015240000)

Polling page: 0x0000000000af0000

CodeCache: size=245760Kb used=41405Kb max_used=41478Kb free=204354Kb
 bounds [0x0000000002570000, 0x0000000004e40000, 0x0000000011570000]
 total_blobs=12841 nmethods=12097 adapters=656
 compilation: enabled

Compilation events (10 events):
Event: 62.523 Thread 0x0000000015edb000 14472       2       com.android.dx.cf.code.Simulator::requiredArrayTypeFor (74 bytes)
Event: 62.524 Thread 0x0000000015edb000 nmethod 14472 0x00000000046addd0 code [0x00000000046adf80, 0x00000000046ae2d8]
Event: 62.526 Thread 0x0000000015edb000 14473   !   2       java.util.concurrent.ArrayBlockingQueue::take (46 bytes)
Event: 62.526 Thread 0x0000000015edb000 nmethod 14473 0x0000000003d08710 code [0x0000000003d088e0, 0x0000000003d08cf8]
Event: 62.529 Thread 0x0000000015edb000 14474       2       com.android.ide.common.xml.XmlPrettyPrinter::indent (83 bytes)
Event: 62.530 Thread 0x0000000015edb000 nmethod 14474 0x0000000003a7b950 code [0x0000000003a7bae0, 0x0000000003a7be08]
Event: 62.530 Thread 0x0000000015edb000 14475       2       com.android.utils.SdkUtils::endsWith (12 bytes)
Event: 62.530 Thread 0x0000000015edb000 nmethod 14475 0x0000000003aab650 code [0x0000000003aab7c0, 0x0000000003aab958]
Event: 62.535 Thread 0x0000000015edb000 14476       1       java.util.concurrent.ThreadPoolExecutor::beforeExecute (1 bytes)
Event: 62.535 Thread 0x0000000015edb000 nmethod 14476 0x0000000003d083d0 code [0x0000000003d08520, 0x0000000003d08630]

GC Heap History (10 events):
Event: 54.776 GC heap before
{Heap before GC invocations=17 (full 3):
 PSYoungGen      total 168448K, used 157432K [0x00000000e0000000, 0x00000000ecf80000, 0x0000000100000000)
  eden space 148992K, 100% used [0x00000000e0000000,0x00000000e9180000,0x00000000e9180000)
  from space 19456K, 43% used [0x00000000e9180000,0x00000000e99be2f0,0x00000000ea480000)
  to   space 18432K, 0% used [0x00000000ebd80000,0x00000000ebd80000,0x00000000ecf80000)
 ParOldGen       total 99840K, used 33319K [0x00000000a0000000, 0x00000000a6180000, 0x00000000e0000000)
  object space 99840K, 33% used [0x00000000a0000000,0x00000000a2089f60,0x00000000a6180000)
 Metaspace       used 63795K, capacity 65600K, committed 65960K, reserved 1105920K
  class space    used 8132K, capacity 8518K, committed 8624K, reserved 1048576K
Event: 54.798 GC heap after
Heap after GC invocations=17 (full 3):
 PSYoungGen      total 189440K, used 18418K [0x00000000e0000000, 0x00000000ed000000, 0x0000000100000000)
  eden space 171008K, 0% used [0x00000000e0000000,0x00000000e0000000,0x00000000ea700000)
  from space 18432K, 99% used [0x00000000ebd80000,0x00000000ecf7ca90,0x00000000ecf80000)
  to   space 20992K, 0% used [0x00000000ea700000,0x00000000ea700000,0x00000000ebb80000)
 ParOldGen       total 99840K, used 33654K [0x00000000a0000000, 0x00000000a6180000, 0x00000000e0000000)
  object space 99840K, 33% used [0x00000000a0000000,0x00000000a20ddb68,0x00000000a6180000)
 Metaspace       used 63795K, capacity 65600K, committed 65960K, reserved 1105920K
  class space    used 8132K, capacity 8518K, committed 8624K, reserved 1048576K
}
Event: 58.996 GC heap before
{Heap before GC invocations=18 (full 3):
 PSYoungGen      total 189440K, used 189426K [0x00000000e0000000, 0x00000000ed000000, 0x0000000100000000)
  eden space 171008K, 100% used [0x00000000e0000000,0x00000000ea700000,0x00000000ea700000)
  from space 18432K, 99% used [0x00000000ebd80000,0x00000000ecf7ca90,0x00000000ecf80000)
  to   space 20992K, 0% used [0x00000000ea700000,0x00000000ea700000,0x00000000ebb80000)
 ParOldGen       total 99840K, used 33654K [0x00000000a0000000, 0x00000000a6180000, 0x00000000e0000000)
  object space 99840K, 33% used [0x00000000a0000000,0x00000000a20ddb68,0x00000000a6180000)
 Metaspace       used 65056K, capacity 67052K, committed 67368K, reserved 1107968K
  class space    used 8243K, capacity 8656K, committed 8752K, reserved 1048576K
Event: 59.014 GC heap after
Heap after GC invocations=18 (full 3):
 PSYoungGen      total 192000K, used 12183K [0x00000000e0000000, 0x00000000ee580000, 0x0000000100000000)
  eden space 171008K, 0% used [0x00000000e0000000,0x00000000e0000000,0x00000000ea700000)
  from space 20992K, 58% used [0x00000000ea700000,0x00000000eb2e5fe0,0x00000000ebb80000)
  to   space 20480K, 0% used [0x00000000ed180000,0x00000000ed180000,0x00000000ee580000)
 ParOldGen       total 99840K, used 33662K [0x00000000a0000000, 0x00000000a6180000, 0x00000000e0000000)
  object space 99840K, 33% used [0x00000000a0000000,0x00000000a20dfb68,0x00000000a6180000)
 Metaspace       used 65056K, capacity 67052K, committed 67368K, reserved 1107968K
  class space    used 8243K, capacity 8656K, committed 8752K, reserved 1048576K
}
Event: 59.065 GC heap before
{Heap before GC invocations=19 (full 3):
 PSYoungGen      total 192000K, used 182867K [0x00000000e0000000, 0x00000000ee580000, 0x0000000100000000)
  eden space 171008K, 99% used [0x00000000e0000000,0x00000000ea6aed80,0x00000000ea700000)
  from space 20992K, 58% used [0x00000000ea700000,0x00000000eb2e5fe0,0x00000000ebb80000)
  to   space 20480K, 0% used [0x00000000ed180000,0x00000000ed180000,0x00000000ee580000)
 ParOldGen       total 99840K, used 33662K [0x00000000a0000000, 0x00000000a6180000, 0x00000000e0000000)
  object space 99840K, 33% used [0x00000000a0000000,0x00000000a20dfb68,0x00000000a6180000)
 Metaspace       used 65104K, capacity 67072K, committed 67368K, reserved 1107968K
  class space    used 8249K, capacity 8660K, committed 8752K, reserved 1048576K
Event: 59.081 GC heap after
Heap after GC invocations=19 (full 3):
 PSYoungGen      total 215040K, used 10724K [0x00000000e0000000, 0x00000000f1500000, 0x0000000100000000)
  eden space 194560K, 0% used [0x00000000e0000000,0x00000000e0000000,0x00000000ebe00000)
  from space 20480K, 52% used [0x00000000ed180000,0x00000000edbf9070,0x00000000ee580000)
  to   space 19968K, 0% used [0x00000000ebe00000,0x00000000ebe00000,0x00000000ed180000)
 ParOldGen       total 99840K, used 33670K [0x00000000a0000000, 0x00000000a6180000, 0x00000000e0000000)
  object space 99840K, 33% used [0x00000000a0000000,0x00000000a20e1b68,0x00000000a6180000)
 Metaspace       used 65104K, capacity 67072K, committed 67368K, reserved 1107968K
  class space    used 8249K, capacity 8660K, committed 8752K, reserved 1048576K
}
Event: 61.318 GC heap before
{Heap before GC invocations=20 (full 3):
 PSYoungGen      total 215040K, used 205284K [0x00000000e0000000, 0x00000000f1500000, 0x0000000100000000)
  eden space 194560K, 100% used [0x00000000e0000000,0x00000000ebe00000,0x00000000ebe00000)
  from space 20480K, 52% used [0x00000000ed180000,0x00000000edbf9070,0x00000000ee580000)
  to   space 19968K, 0% used [0x00000000ebe00000,0x00000000ebe00000,0x00000000ed180000)
 ParOldGen       total 99840K, used 33670K [0x00000000a0000000, 0x00000000a6180000, 0x00000000e0000000)
  object space 99840K, 33% used [0x00000000a0000000,0x00000000a20e1b68,0x00000000a6180000)
 Metaspace       used 66069K, capacity 68136K, committed 68264K, reserved 1107968K
  class space    used 8361K, capacity 8778K, committed 8880K, reserved 1048576K
Event: 61.343 GC heap after
Heap after GC invocations=20 (full 3):
 PSYoungGen      total 214528K, used 19965K [0x00000000e0000000, 0x00000000f1500000, 0x0000000100000000)
  eden space 194560K, 0% used [0x00000000e0000000,0x00000000e0000000,0x00000000ebe00000)
  from space 19968K, 99% used [0x00000000ebe00000,0x00000000ed17f5e0,0x00000000ed180000)
  to   space 20480K, 0% used [0x00000000ed180000,0x00000000ed180000,0x00000000ee580000)
 ParOldGen       total 99840K, used 36065K [0x00000000a0000000, 0x00000000a6180000, 0x00000000e0000000)
  object space 99840K, 36% used [0x00000000a0000000,0x00000000a2338540,0x00000000a6180000)
 Metaspace       used 66069K, capacity 68136K, committed 68264K, reserved 1107968K
  class space    used 8361K, capacity 8778K, committed 8880K, reserved 1048576K
}
Event: 62.149 GC heap before
{Heap before GC invocations=21 (full 3):
 PSYoungGen      total 214528K, used 214525K [0x00000000e0000000, 0x00000000f1500000, 0x0000000100000000)
  eden space 194560K, 100% used [0x00000000e0000000,0x00000000ebe00000,0x00000000ebe00000)
  from space 19968K, 99% used [0x00000000ebe00000,0x00000000ed17f5e0,0x00000000ed180000)
  to   space 20480K, 0% used [0x00000000ed180000,0x00000000ed180000,0x00000000ee580000)
 ParOldGen       total 99840K, used 36065K [0x00000000a0000000, 0x00000000a6180000, 0x00000000e0000000)
  object space 99840K, 36% used [0x00000000a0000000,0x00000000a2338540,0x00000000a6180000)
 Metaspace       used 66313K, capacity 68392K, committed 68520K, reserved 1110016K
  class space    used 8365K, capacity 8778K, committed 8880K, reserved 1048576K
Event: 62.226 GC heap after
Heap after GC invocations=21 (full 3):
 PSYoungGen      total 215040K, used 20463K [0x00000000e0000000, 0x00000000f1500000, 0x0000000100000000)
  eden space 194560K, 0% used [0x00000000e0000000,0x00000000e0000000,0x00000000ebe00000)
  from space 20480K, 99% used [0x00000000ed180000,0x00000000ee57bc10,0x00000000ee580000)
  to   space 19968K, 0% used [0x00000000ebe00000,0x00000000ebe00000,0x00000000ed180000)
 ParOldGen       total 99840K, used 58796K [0x00000000a0000000, 0x00000000a6180000, 0x00000000e0000000)
  object space 99840K, 58% used [0x00000000a0000000,0x00000000a396b388,0x00000000a6180000)
 Metaspace       used 66313K, capacity 68392K, committed 68520K, reserved 1110016K
  class space    used 8365K, capacity 8778K, committed 8880K, reserved 1048576K
}

Deoptimization events (10 events):
Event: 61.991 Thread 0x000000001b9c9000 Uncommon trap: reason=bimorphic action=maybe_recompile pc=0x0000000004da02b4 method=com.android.dx.cf.code.BytecodeArray.parseInstruction(ILcom/android/dx/cf/code/BytecodeArray$Visitor;)I @ 1597
Event: 61.991 Thread 0x000000001b9c9000 Uncommon trap: reason=bimorphic action=maybe_recompile pc=0x0000000004da0ae0 method=com.android.dx.cf.code.BytecodeArray.parseInstruction(ILcom/android/dx/cf/code/BytecodeArray$Visitor;)I @ 955
Event: 62.478 Thread 0x000000001b9cf000 Uncommon trap: reason=class_check action=maybe_recompile pc=0x0000000004df3d70 method=com.android.dx.cf.code.BaseMachine.addResult(Lcom/android/dx/rop/type/TypeBearer;)V @ 23
Event: 62.478 Thread 0x000000001b9cf000 Uncommon trap: reason=class_check action=maybe_recompile pc=0x0000000004e14568 method=com.android.dx.cf.code.RopperMachine.run(Lcom/android/dx/cf/code/Frame;II)V @ 310
Event: 62.478 Thread 0x000000001b9cf000 Uncommon trap: reason=class_check action=maybe_recompile pc=0x0000000004df3d70 method=com.android.dx.cf.code.BaseMachine.addResult(Lcom/android/dx/rop/type/TypeBearer;)V @ 23
Event: 62.478 Thread 0x000000001b9cf000 Uncommon trap: reason=class_check action=maybe_recompile pc=0x0000000004e14568 method=com.android.dx.cf.code.RopperMachine.run(Lcom/android/dx/cf/code/Frame;II)V @ 310
Event: 62.479 Thread 0x000000001b9cf000 Uncommon trap: reason=class_check action=maybe_recompile pc=0x0000000004df3d70 method=com.android.dx.cf.code.BaseMachine.addResult(Lcom/android/dx/rop/type/TypeBearer;)V @ 23
Event: 62.479 Thread 0x000000001b9cf000 Uncommon trap: reason=class_check action=maybe_recompile pc=0x0000000004e14568 method=com.android.dx.cf.code.RopperMachine.run(Lcom/android/dx/cf/code/Frame;II)V @ 310
Event: 62.479 Thread 0x000000001b9cf000 Uncommon trap: reason=class_check action=maybe_recompile pc=0x0000000004df3d70 method=com.android.dx.cf.code.BaseMachine.addResult(Lcom/android/dx/rop/type/TypeBearer;)V @ 23
Event: 62.479 Thread 0x000000001b9cf000 Uncommon trap: reason=class_check action=maybe_recompile pc=0x0000000004e14568 method=com.android.dx.cf.code.RopperMachine.run(Lcom/android/dx/cf/code/Frame;II)V @ 310

Internal exceptions (10 events):
Event: 39.886 Thread 0x0000000018acf000 Exception <a 'java/lang/ClassNotFoundException': asLocalRepo394_59d5p1h0kjcsb9gw8s8dbu2hzCustomizer> (0x00000000e3ab0c10) thrown at [C:\src\android\AOSP-openjdk\external\jetbrains\jdk\hotspot\src\share\vm\classfile\systemDictionary.cpp, line 210]
Event: 44.472 Thread 0x0000000018acf000 Exception <a 'java/lang/ClassNotFoundException': com/android/build/gradle/internal/LibraryCache$1BeanInfo> (0x00000000e1421268) thrown at [C:\src\android\AOSP-openjdk\external\jetbrains\jdk\hotspot\src\share\vm\classfile\systemDictionary.cpp, line 210]
Event: 44.473 Thread 0x0000000018acf000 Exception <a 'java/lang/ClassNotFoundException': com/android/build/gradle/internal/LibraryCache$1Customizer> (0x00000000e1431b00) thrown at [C:\src\android\AOSP-openjdk\external\jetbrains\jdk\hotspot\src\share\vm\classfile\systemDictionary.cpp, line 210]
Event: 53.794 Thread 0x0000000018acf000 Implicit null exception at 0x0000000004657097 to 0x00000000046573dd
Event: 55.928 Thread 0x0000000018acf000 Implicit null exception at 0x000000000468a5ef to 0x0000000004689385
Event: 55.928 Thread 0x0000000018acf000 Implicit null exception at 0x000000000468a5ef to 0x0000000004689385
Event: 55.945 Thread 0x0000000018acf000 Implicit null exception at 0x000000000468a5ef to 0x0000000004689385
Event: 59.131 Thread 0x0000000018acf000 Exception <a 'java/io/FileNotFoundException'> (0x00000000e4a84fd0) thrown at [C:\src\android\AOSP-openjdk\external\jetbrains\jdk\hotspot\src\share\vm\prims\jni.cpp, line 709]
Event: 60.994 Thread 0x000000001f2dd800 Implicit null exception at 0x0000000004af06a2 to 0x0000000004af079a
Event: 61.378 Thread 0x000000001b9c3000 Implicit null exception at 0x0000000004afe4a1 to 0x0000000004aff111

Events (10 events):
Event: 62.479 Thread 0x000000001b9cf000 DEOPT PACKING pc=0x0000000004e14568 sp=0x00000000287fe180
Event: 62.479 Thread 0x000000001b9cf000 DEOPT UNPACKING pc=0x00000000025b556a sp=0x00000000287fe130 mode 2
Event: 62.491 Thread 0x000000001b9ca800 DEOPT PACKING pc=0x0000000004c66aab sp=0x0000000027dfe2e0
Event: 62.491 Thread 0x000000001b9ca800 DEOPT UNPACKING pc=0x00000000025b75bf sp=0x0000000027dfe030 mode 0
Event: 62.496 Thread 0x000000001b9cf000 DEOPT PACKING pc=0x0000000004af2b7d sp=0x00000000287fe2c0
Event: 62.496 Thread 0x000000001b9cf000 DEOPT UNPACKING pc=0x00000000025b75bf sp=0x00000000287fe030 mode 0
Event: 62.506 Thread 0x000000001b9c9000 DEOPT PACKING pc=0x0000000004be1881 sp=0x00000000288fe720
Event: 62.506 Thread 0x000000001b9c9000 DEOPT UNPACKING pc=0x00000000025b75bf sp=0x00000000288fe560 mode 0
Event: 62.540 Thread 0x000000001f2dd800 Thread added: 0x000000001f2dd800
Event: 62.540 Thread 0x000000001f2dc800 Thread added: 0x000000001f2dc800


Dynamic libraries:
0x00007ff625250000 - 0x00007ff625281000 	C:\Program Files\Android\Android Studio\jre\bin\java.exe
0x00007ffd56550000 - 0x00007ffd56721000 	C:\WINDOWS\SYSTEM32\ntdll.dll
0x00007ffd54870000 - 0x00007ffd5491b000 	C:\WINDOWS\System32\KERNEL32.DLL
0x00007ffd52a40000 - 0x00007ffd52c5d000 	C:\WINDOWS\System32\KERNELBASE.dll
0x00007ffd562a0000 - 0x00007ffd56342000 	C:\WINDOWS\System32\ADVAPI32.dll
0x00007ffd53f10000 - 0x00007ffd53fae000 	C:\WINDOWS\System32\msvcrt.dll
0x00007ffd56350000 - 0x00007ffd563a9000 	C:\WINDOWS\System32\sechost.dll
0x00007ffd54530000 - 0x00007ffd54651000 	C:\WINDOWS\System32\RPCRT4.dll
0x00007ffd56030000 - 0x00007ffd56195000 	C:\WINDOWS\System32\USER32.dll
0x00007ffd53910000 - 0x00007ffd5392e000 	C:\WINDOWS\System32\win32u.dll
0x00007ffd54070000 - 0x00007ffd540a4000 	C:\WINDOWS\System32\GDI32.dll
0x00007ffd53580000 - 0x00007ffd53702000 	C:\WINDOWS\System32\gdi32full.dll
0x00007ffd43cf0000 - 0x00007ffd43f69000 	C:\WINDOWS\WinSxS\amd64_microsoft.windows.common-controls_6595b64144ccf1df_6.0.14393.447_none_42191651c6827bb3\COMCTL32.dll
0x00007ffd54220000 - 0x00007ffd544e8000 	C:\WINDOWS\System32\combase.dll
0x00007ffd53710000 - 0x00007ffd53805000 	C:\WINDOWS\System32\ucrtbase.dll
0x00007ffd53510000 - 0x00007ffd5357a000 	C:\WINDOWS\System32\bcryptPrimitives.dll
0x00007ffd54500000 - 0x00007ffd5452e000 	C:\WINDOWS\System32\IMM32.DLL
0x000000005eac0000 - 0x000000005eb92000 	C:\Program Files\Android\Android Studio\jre\jre\bin\msvcr100.dll
0x000000005df20000 - 0x000000005e754000 	C:\Program Files\Android\Android Studio\jre\jre\bin\server\jvm.dll
0x00007ffd547f0000 - 0x00007ffd547f8000 	C:\WINDOWS\System32\PSAPI.DLL
0x00007ffd50790000 - 0x00007ffd507b3000 	C:\WINDOWS\SYSTEM32\WINMM.dll
0x00007ffd3bc80000 - 0x00007ffd3bc89000 	C:\WINDOWS\SYSTEM32\WSOCK32.dll
0x00007ffd4a870000 - 0x00007ffd4a87a000 	C:\WINDOWS\SYSTEM32\VERSION.dll
0x00007ffd54800000 - 0x00007ffd5486a000 	C:\WINDOWS\System32\WS2_32.dll
0x00007ffd50760000 - 0x00007ffd5078b000 	C:\WINDOWS\SYSTEM32\WINMMBASE.dll
0x00007ffd53810000 - 0x00007ffd53852000 	C:\WINDOWS\System32\cfgmgr32.dll
0x00007ffd4fc20000 - 0x00007ffd4fc2f000 	C:\Program Files\Android\Android Studio\jre\jre\bin\verify.dll
0x00007ffd4efb0000 - 0x00007ffd4efd9000 	C:\Program Files\Android\Android Studio\jre\jre\bin\java.dll
0x00007ffd45280000 - 0x00007ffd45296000 	C:\Program Files\Android\Android Studio\jre\jre\bin\zip.dll
0x00007ffd54a60000 - 0x00007ffd55f69000 	C:\WINDOWS\System32\SHELL32.dll
0x00007ffd52c60000 - 0x00007ffd5333a000 	C:\WINDOWS\System32\windows.storage.dll
0x00007ffd529f0000 - 0x00007ffd52a3c000 	C:\WINDOWS\System32\powrprof.dll
0x00007ffd54010000 - 0x00007ffd54062000 	C:\WINDOWS\System32\shlwapi.dll
0x00007ffd529b0000 - 0x00007ffd529bf000 	C:\WINDOWS\System32\kernel.appcore.dll
0x00007ffd53930000 - 0x00007ffd539d9000 	C:\WINDOWS\System32\shcore.dll
0x00007ffd529d0000 - 0x00007ffd529e4000 	C:\WINDOWS\System32\profapi.dll
0x00007ffd45260000 - 0x00007ffd4527a000 	C:\Program Files\Android\Android Studio\jre\jre\bin\net.dll
0x00007ffd522e0000 - 0x00007ffd5233c000 	C:\WINDOWS\system32\mswsock.dll
0x00007ffd45240000 - 0x00007ffd45251000 	C:\Program Files\Android\Android Studio\jre\jre\bin\nio.dll
0x00007ffd44be0000 - 0x00007ffd44bf2000 	C:\Users\sbhar\.gradle\native\19\windows-amd64\native-platform.dll
0x00007ffd52490000 - 0x00007ffd524a7000 	C:\WINDOWS\SYSTEM32\CRYPTSP.dll
0x00007ffd51ef0000 - 0x00007ffd51f23000 	C:\WINDOWS\system32\rsaenh.dll
0x00007ffd52590000 - 0x00007ffd525bb000 	C:\WINDOWS\SYSTEM32\bcrypt.dll
0x00007ffd52160000 - 0x00007ffd5217f000 	C:\WINDOWS\SYSTEM32\USERENV.dll
0x00007ffd52480000 - 0x00007ffd5248b000 	C:\WINDOWS\SYSTEM32\CRYPTBASE.dll
0x00007ffd52070000 - 0x00007ffd520a8000 	C:\WINDOWS\SYSTEM32\IPHLPAPI.DLL
0x00007ffd544f0000 - 0x00007ffd544f8000 	C:\WINDOWS\System32\NSI.dll
0x00007ffd4b320000 - 0x00007ffd4b336000 	C:\WINDOWS\SYSTEM32\dhcpcsvc6.DLL
0x00007ffd4b430000 - 0x00007ffd4b44a000 	C:\WINDOWS\SYSTEM32\dhcpcsvc.DLL
0x00007ffd4f8c0000 - 0x00007ffd4f8cd000 	C:\Program Files\Android\Android Studio\jre\jre\bin\management.dll

VM Arguments:
jvm_args: -Xmx1536m -Dfile.encoding=windows-1252 -Duser.country=US -Duser.language=en -Duser.variant 
java_command: org.gradle.launcher.daemon.bootstrap.GradleDaemon 2.14.1
java_class_path (initial): C:\Program Files\Android\Android Studio\gradle\gradle-2.14.1\lib\gradle-launcher-2.14.1.jar
Launcher Type: SUN_STANDARD

Environment Variables:
PATH=C:\Program Files\NVIDIA GPU Computing Toolkit\CUDA\v8.0\bin;C:\Program Files\NVIDIA GPU Computing Toolkit\CUDA\v8.0\libnvvp;C:\Program Files (x86)\Intel\iCLS Client\;C:\Program Files\Intel\iCLS Client\;C:\Windows\system32;C:\Windows;C:\Windows\System32\Wbem;C:\Windows\System32\WindowsPowerShell\v1.0\;C:\Program Files (x86)\Intel\Intel(R) Management Engine Components\DAL;C:\Program Files\Intel\Intel(R) Management Engine Components\DAL;C:\Program Files (x86)\Intel\Intel(R) Management Engine Components\IPT;C:\Program Files\Intel\Intel(R) Management Engine Components\IPT;C:\Program Files (x86)\NVIDIA Corporation\PhysX\Common;C:\Program Files\MATLAB\R2016a\runtime\win64;C:\Program Files\MATLAB\R2016a\bin;C:\Users\sbhar\.dnx\bin;C:\Program Files\Microsoft DNX\Dnvm\;C:\Program Files\Microsoft SQL Server\120\Tools\Binn\;C:\Program Files\Microsoft SQL Server\130\Tools\Binn\;C:\Program Files (x86)\Windows Kits\8.1\Windows Performance Toolkit\;C:\Program Files\Git\cmd;C:\WINDOWS\system32;C:\WINDOWS;C:\WINDOWS\System32\Wbem;C:\WINDOWS\System32\WindowsPowerShell\v1.0\;C:\D-Drive\studies\MCS\SML\HW1\code;C:\Python27\;C:\Program Files\MiKTeX 2.9\miktex\bin\x64\;C:\Users\sbhar\AppData\Local\Microsoft\WindowsApps;
USERNAME=sbhar
OS=Windows_NT
PROCESSOR_IDENTIFIER=Intel64 Family 6 Model 78 Stepping 3, GenuineIntel



---------------  S Y S T E M  ---------------

OS: Windows 10.0 , 64 bit Build 14393 (10.0.14393.0)

CPU:total 4 (2 cores per cpu, 2 threads per core) family 6 model 78 stepping 3, cmov, cx8, fxsr, mmx, sse, sse2, sse3, ssse3, sse4.1, sse4.2, popcnt, avx, avx2, aes, clmul, erms, 3dnowpref, lzcnt, ht, tsc, tscinvbit, bmi1, bmi2, adx

Memory: 4k page, physical 8259484k(913212k free), swap 9790076k(5972k free)

vm_info: OpenJDK 64-Bit Server VM (25.76-b03) for windows-amd64 JRE (1.8.0_76-release-b03), built on Jun 29 2016 19:09:20 by "ralucas" with MS VC++ 10.0 (VS2010)

time: Sun Feb 12 01:47:26 2017
elapsed time: 62 seconds (0d 0h 1m 2s)

